C:\Users\kenne\OneDrive\Documentos\Code\ImagesGames\Games\ Call of Duty Black Ops Cold War
C:\Users\kenne\OneDrive\Documentos\Code\ImagesGames\Games\ASSASSINS CREED VALHALLA DELUXE EDITION
C:\Users\kenne\OneDrive\Documentos\Code\ImagesGames\Games\BattleField 1 Revolution
C:\Users\kenne\OneDrive\Documentos\Code\ImagesGames\Games\Biomutant
C:\Users\kenne\OneDrive\Documentos\Code\ImagesGames\Games\CRASH BANDICOOT - CRASHIVERSARY BUNDLE
C:\Users\kenne\OneDrive\Documentos\Code\ImagesGames\Games\Call of Duty Advanced Warfare
C:\Users\kenne\OneDrive\Documentos\Code\ImagesGames\Games\Call of Duty Black Ops 4
C:\Users\kenne\OneDrive\Documentos\Code\ImagesGames\Games\Call of Duty Modern Warfare Remastered
C:\Users\kenne\OneDrive\Documentos\Code\ImagesGames\Games\Call of duty ghost
C:\Users\kenne\OneDrive\Documentos\Code\ImagesGames\Games\Crash Team Racing Nitro Fueled
C:\Users\kenne\OneDrive\Documentos\Code\ImagesGames\Games\Crash de carrinho
C:\Users\kenne\OneDrive\Documentos\Code\ImagesGames\Games\Crash pacote quadrioligia
C:\Users\kenne\OneDrive\Documentos\Code\ImagesGames\Games\Cuphead
C:\Users\kenne\OneDrive\Documentos\Code\ImagesGames\Games\Dragon Ball Sparking Zero
C:\Users\kenne\OneDrive\Documentos\Code\ImagesGames\Games\Ea Sports 24
C:\Users\kenne\OneDrive\Documentos\Code\ImagesGames\Games\Fallout 76
C:\Users\kenne\OneDrive\Documentos\Code\ImagesGames\Games\Far Cry 5
C:\Users\kenne\OneDrive\Documentos\Code\ImagesGames\Games\Far Cry 6
C:\Users\kenne\OneDrive\Documentos\Code\ImagesGames\Games\Far cry New Dawn Deluxe Edition
C:\Users\kenne\OneDrive\Documentos\Code\ImagesGames\Games\FarCry 4 Gold Edition
C:\Users\kenne\OneDrive\Documentos\Code\ImagesGames\Games\Fc 25
C:\Users\kenne\OneDrive\Documentos\Code\ImagesGames\Games\GhostRunner 2
C:\Users\kenne\OneDrive\Documentos\Code\ImagesGames\Games\Grand Theft Auto V Premium Edition
C:\Users\kenne\OneDrive\Documentos\Code\ImagesGames\Games\Hades
C:\Users\kenne\OneDrive\Documentos\Code\ImagesGames\Games\Injustice 2
